#
# A fatal error has been detected by the Java Runtime Environment:
#
#  EXCEPTION_ACCESS_VIOLATION (0xc0000005) at pc=0x000000007775e5ff, pid=6176, tid=4568
#
# JRE version: Java(TM) SE Runtime Environment (8.0_51-b16) (build 1.8.0_51-b16)
# Java VM: Java HotSpot(TM) 64-Bit Server VM (25.51-b03 mixed mode windows-amd64 compressed oops)
# Problematic frame:
# C  [ntdll.dll+0x4e5ff]
#
# Failed to write core dump. Minidumps are not enabled by default on client versions of Windows
#
# If you would like to submit a bug report, please visit:
#   http://bugreport.java.com/bugreport/crash.jsp
# The crash happened outside the Java Virtual Machine in native code.
# See problematic frame for where to report the bug.
#

---------------  T H R E A D  ---------------

Current thread (0x000000005bb86000):  JavaThread "Daemon worker Thread 40" [_thread_in_native, id=4568, stack(0x0000000059310000,0x0000000059410000)]

siginfo: ExceptionCode=0xc0000005, writing address 0x000000000000009b

Registers:
RAX=0x000000000000005c, RBX=0x0000000058e7f1f0, RCX=0x0000000058e7f2e8, RDX=0x0000000000000136
RSP=0x000000005940cd60, RBP=0x000000000000fffe, RSI=0x0000000000000000, RDI=0x0000000058e7f1f0
R8 =0x000000000000009b, R9 =0x0000000000000136, R10=0x0000000000000000, R11=0x000000000000ffff
R12=0x0000000000000000, R13=0x00000000fa336b7c, R14=0x00000000c17c5d90, R15=0x000000005bb86000
RIP=0x000000007775e5ff, EFLAGS=0x0000000000010246

Top of Stack: (sp=0x000000005940cd60)
0x000000005940cd60:   00000000000bf350 0000000000000000
0x000000005940cd70:   0000000058886910 0000000065dca69a
0x000000005940cd80:   0000000001380136 0000000058e7f1f0
0x000000005940cd90:   0000000000000000 0000000077769a79
0x000000005940cda0:   0000000000000000 0000000000000007
0x000000005940cdb0:   000000000000009b 000000007751300a
0x000000005940cdc0:   0000000001380136 0000000058e7f1f0
0x000000005940cdd0:   0000000058e7f1f0 0000000077513648
0x000000005940cde0:   000000005bb86000 0000000058078d94
0x000000005940cdf0:   00000000fa336b00 00000000581edf80
0x000000005940ce00:   0000000000000142 0000000001380136
0x000000005940ce10:   0000000058e7f1f0 0000000065cee628
0x000000005940ce20:   0000000058e7f1f0 00000000775018b1
0x000000005940ce30:   0000000000000000 0000000000000000
0x000000005940ce40:   0000000058e7f1f0 0000000066f6c4ae
0x000000005940ce50:   000000005bb861f8 0000000058886910 

Instructions: (pc=0x000000007775e5ff)
0x000000007775e5df:   e2 fc 8b c2 48 01 41 18 8b 41 10 4c 89 44 c1 20
0x000000007775e5ef:   ff 41 10 8b c2 c3 44 8a 74 24 40 e9 10 5e 00 00
0x000000007775e5ff:   41 0f b7 c1 48 83 c1 02 48 d1 e8 48 8d 04 43 48
0x000000007775e60f:   3b c8 73 39 0f b7 01 66 83 c8 20 66 83 f8 70 0f 


Register to memory mapping:

RAX=0x000000000000005c is an unknown value
RBX=0x0000000058e7f1f0 is an unknown value
RCX=0x0000000058e7f2e8 is an unknown value
RDX=0x0000000000000136 is an unknown value
RSP=0x000000005940cd60 is pointing into the stack for thread: 0x000000005bb86000
RBP=0x000000000000fffe is an unknown value
RSI=0x0000000000000000 is an unknown value
RDI=0x0000000058e7f1f0 is an unknown value
R8 =0x000000000000009b is an unknown value
R9 =0x0000000000000136 is an unknown value
R10=0x0000000000000000 is an unknown value
R11=0x000000000000ffff is an unknown value
R12=0x0000000000000000 is an unknown value
R13=0x00000000fa336b7c is an unknown value
R14=0x00000000c17c5d90 is an oop
com.google.common.cache.LocalCache$Segment 
 - klass: 'com/google/common/cache/LocalCache$Segment'
R15=0x000000005bb86000 is a thread


Stack: [0x0000000059310000,0x0000000059410000],  sp=0x000000005940cd60,  free space=1011k
Native frames: (J=compiled Java code, j=interpreted, Vv=VM code, C=native code)
C  [ntdll.dll+0x4e5ff]
C  [ntdll.dll+0x59a79]
C  [kernel32.dll+0x23648]
C  [kernel32.dll+0x118b1]
C  [java.dll+0xa073]
C  0x0000000002f15189

Java frames: (J=compiled Java code, j=interpreted, Vv=VM code)
J 2395  java.io.WinNTFileSystem.getLastModifiedTime(Ljava/io/File;)J (0 bytes) @ 0x0000000002f1510f [0x0000000002f150c0+0x4f]
J 9443 C2 org.gradle.api.internal.changedetection.state.CachingFileSnapshotter.snapshot(Ljava/io/File;)Lorg/gradle/api/internal/changedetection/state/FileSnapshot; (6 bytes) @ 0x0000000004327070 [0x0000000004326d40+0x330]
J 13792 C2 org.gradle.api.internal.changedetection.state.DefaultFileCollectionSnapshotter$1.run()V (134 bytes) @ 0x0000000002ce9134 [0x0000000002ce86c0+0xa74]
J 12282 C2 org.gradle.cache.internal.DefaultCacheAccess.useCache(Ljava/lang/String;Lorg/gradle/internal/Factory;)Ljava/lang/Object; (215 bytes) @ 0x0000000004bf473c [0x0000000004bf4260+0x4dc]
J 12674 C2 org.gradle.cache.internal.DefaultCacheFactory$ReferenceTrackingCache.useCache(Ljava/lang/String;Ljava/lang/Runnable;)V (15 bytes) @ 0x0000000004cfdfbc [0x0000000004cfdea0+0x11c]
J 9690 C1 org.gradle.api.internal.changedetection.state.DefaultTaskArtifactStateCacheAccess.useCache(Ljava/lang/String;Ljava/lang/Runnable;)V (12 bytes) @ 0x0000000004476104 [0x0000000004476000+0x104]
J 10189 C1 org.gradle.api.internal.changedetection.state.DefaultFileCollectionSnapshotter.snapshot(Lorg/gradle/api/file/FileCollection;)Lorg/gradle/api/internal/changedetection/state/FileCollectionSnapshot; (70 bytes) @ 0x000000000292d5bc [0x000000000292cee0+0x6dc]
J 12289 C1 org.gradle.api.internal.changedetection.rules.TaskUpToDateState.<init>(Lorg/gradle/api/internal/TaskInternal;Lorg/gradle/api/internal/changedetection/state/TaskHistoryRepository$History;Lorg/gradle/api/internal/changedetection/state/FileCollectionSnapshotter;Lorg/gradle/api/internal/changedetection/state/FileCollectionSnapshotter;)V (281 bytes) @ 0x0000000004bfc784 [0x0000000004bfada0+0x19e4]
J 11080 C1 org.gradle.api.internal.changedetection.changes.DefaultTaskArtifactStateRepository$TaskArtifactStateImpl.getStates()Lorg/gradle/api/internal/changedetection/rules/TaskUpToDateState; (45 bytes) @ 0x00000000036b934c [0x00000000036b9200+0x14c]
J 11855 C1 org.gradle.api.internal.changedetection.changes.DefaultTaskArtifactStateRepository$TaskArtifactStateImpl.isUpToDate(Ljava/util/Collection;)Z (38 bytes) @ 0x00000000038ec10c [0x00000000038ec080+0x8c]
J 11337 C1 org.gradle.api.internal.tasks.execution.SkipUpToDateTaskExecuter.execute(Lorg/gradle/api/internal/TaskInternal;Lorg/gradle/api/internal/tasks/TaskStateInternal;Lorg/gradle/api/internal/tasks/TaskExecutionContext;)V (221 bytes) @ 0x000000000498a674 [0x00000000049899c0+0xcb4]
J 12532 C1 org.gradle.api.internal.tasks.execution.ValidatingTaskExecuter.execute(Lorg/gradle/api/internal/TaskInternal;Lorg/gradle/api/internal/tasks/TaskStateInternal;Lorg/gradle/api/internal/tasks/TaskExecutionContext;)V (221 bytes) @ 0x0000000004cdb244 [0x0000000004cd87e0+0x2a64]
J 11242 C1 org.gradle.api.internal.tasks.execution.SkipEmptySourceFilesTaskExecuter.execute(Lorg/gradle/api/internal/TaskInternal;Lorg/gradle/api/internal/tasks/TaskStateInternal;Lorg/gradle/api/internal/tasks/TaskExecutionContext;)V (62 bytes) @ 0x0000000003abe514 [0x0000000003abd7e0+0xd34]
J 12116 C1 org.gradle.api.internal.tasks.execution.SkipTaskWithNoActionsExecuter.execute(Lorg/gradle/api/internal/TaskInternal;Lorg/gradle/api/internal/tasks/TaskStateInternal;Lorg/gradle/api/internal/tasks/TaskExecutionContext;)V (116 bytes) @ 0x0000000004bc6f54 [0x0000000004bc5ac0+0x1494]
J 12114 C1 org.gradle.api.internal.tasks.execution.SkipOnlyIfTaskExecuter.execute(Lorg/gradle/api/internal/TaskInternal;Lorg/gradle/api/internal/tasks/TaskStateInternal;Lorg/gradle/api/internal/tasks/TaskExecutionContext;)V (90 bytes) @ 0x0000000004101bc4 [0x00000000041007e0+0x13e4]
J 12113 C1 org.gradle.api.internal.tasks.execution.ExecuteAtMostOnceTaskExecuter.execute(Lorg/gradle/api/internal/TaskInternal;Lorg/gradle/api/internal/tasks/TaskStateInternal;Lorg/gradle/api/internal/tasks/TaskExecutionContext;)V (70 bytes) @ 0x0000000004103d5c [0x0000000004103520+0x83c]
J 12105 C1 org.gradle.execution.taskgraph.AbstractTaskPlanExecutor$TaskExecutorWorker.executeTask(Lorg/gradle/execution/taskgraph/TaskInfo;)V (131 bytes) @ 0x000000000397134c [0x0000000003970aa0+0x8ac]
J 11360 C1 org.gradle.execution.taskgraph.AbstractTaskPlanExecutor$TaskExecutorWorker.processTask(Lorg/gradle/execution/taskgraph/TaskInfo;)V (51 bytes) @ 0x00000000032a7d54 [0x00000000032a7cc0+0x94]
j  org.gradle.execution.taskgraph.AbstractTaskPlanExecutor$TaskExecutorWorker.run()V+56
j  org.gradle.execution.taskgraph.DefaultTaskPlanExecutor.process(Lorg/gradle/execution/taskgraph/TaskExecutionPlan;Lorg/gradle/api/execution/TaskExecutionListener;)V+6
j  org.gradle.execution.taskgraph.DefaultTaskGraphExecuter.execute()V+46
j  org.gradle.execution.SelectedTaskExecutionAction.execute(Lorg/gradle/execution/BuildExecutionContext;)V+55
j  org.gradle.execution.DefaultBuildExecuter.execute(I)V+36
j  org.gradle.execution.DefaultBuildExecuter.access$200(Lorg/gradle/execution/DefaultBuildExecuter;I)V+2
j  org.gradle.execution.DefaultBuildExecuter$2.proceed()V+10
j  org.gradle.execution.DryRunBuildExecutionAction.execute(Lorg/gradle/execution/BuildExecutionContext;)V+68
j  org.gradle.execution.DefaultBuildExecuter.execute(I)V+36
j  org.gradle.execution.DefaultBuildExecuter.execute()V+2
j  org.gradle.initialization.DefaultGradleLauncher.doBuildStages(Lorg/gradle/initialization/DefaultGradleLauncher$Stage;)V+184
j  org.gradle.initialization.DefaultGradleLauncher.doBuild(Lorg/gradle/initialization/DefaultGradleLauncher$Stage;)Lorg/gradle/BuildResult;+27
j  org.gradle.initialization.DefaultGradleLauncher.run()Lorg/gradle/BuildResult;+4
j  org.gradle.launcher.exec.InProcessBuildActionExecuter$DefaultBuildController.run()Lorg/gradle/api/internal/GradleInternal;+5
j  org.gradle.tooling.internal.provider.runner.BuildModelActionRunner.run(Lorg/gradle/internal/invocation/BuildAction;Lorg/gradle/internal/invocation/BuildController;)V+72
j  org.gradle.launcher.exec.ChainingBuildActionRunner.run(Lorg/gradle/internal/invocation/BuildAction;Lorg/gradle/internal/invocation/BuildController;)V+34
j  org.gradle.launcher.exec.InProcessBuildActionExecuter.execute(Lorg/gradle/internal/invocation/BuildAction;Lorg/gradle/initialization/BuildRequestContext;Lorg/gradle/launcher/exec/BuildActionParameters;)Ljava/lang/Object;+39
j  org.gradle.launcher.exec.InProcessBuildActionExecuter.execute(Lorg/gradle/internal/invocation/BuildAction;Lorg/gradle/initialization/BuildRequestContext;Ljava/lang/Object;)Ljava/lang/Object;+7
j  org.gradle.launcher.daemon.server.exec.ExecuteBuild.doBuild(Lorg/gradle/launcher/daemon/server/api/DaemonCommandExecution;Lorg/gradle/launcher/daemon/protocol/Build;)V+70
j  org.gradle.launcher.daemon.server.exec.BuildCommandOnly.execute(Lorg/gradle/launcher/daemon/server/api/DaemonCommandExecution;)V+49
J 13161 C1 org.gradle.launcher.daemon.server.api.DaemonCommandExecution.proceed()Z (35 bytes) @ 0x0000000002b66f0c [0x0000000002b66b60+0x3ac]
j  org.gradle.launcher.daemon.server.exec.WatchForDisconnection.execute(Lorg/gradle/launcher/daemon/server/api/DaemonCommandExecution;)V+19
J 13161 C1 org.gradle.launcher.daemon.server.api.DaemonCommandExecution.proceed()Z (35 bytes) @ 0x0000000002b66f0c [0x0000000002b66b60+0x3ac]
j  org.gradle.launcher.daemon.server.exec.ResetDeprecationLogger.execute(Lorg/gradle/launcher/daemon/server/api/DaemonCommandExecution;)V+4
J 13161 C1 org.gradle.launcher.daemon.server.api.DaemonCommandExecution.proceed()Z (35 bytes) @ 0x0000000002b66f0c [0x0000000002b66b60+0x3ac]
j  org.gradle.launcher.daemon.server.exec.RequestStopIfSingleUsedDaemon.execute(Lorg/gradle/launcher/daemon/server/api/DaemonCommandExecution;)V+31
J 13161 C1 org.gradle.launcher.daemon.server.api.DaemonCommandExecution.proceed()Z (35 bytes) @ 0x0000000002b66f0c [0x0000000002b66b60+0x3ac]
j  org.gradle.launcher.daemon.server.exec.ForwardClientInput$2.call()Ljava/lang/Void;+4
j  org.gradle.launcher.daemon.server.exec.ForwardClientInput$2.call()Ljava/lang/Object;+1
j  org.gradle.util.Swapper.swap(Ljava/lang/Object;Ljava/util/concurrent/Callable;)Ljava/lang/Object;+21
j  org.gradle.launcher.daemon.server.exec.ForwardClientInput.execute(Lorg/gradle/launcher/daemon/server/api/DaemonCommandExecution;)V+63
J 13161 C1 org.gradle.launcher.daemon.server.api.DaemonCommandExecution.proceed()Z (35 bytes) @ 0x0000000002b66f0c [0x0000000002b66b60+0x3ac]
j  org.gradle.launcher.daemon.server.health.DaemonHealthTracker.execute(Lorg/gradle/launcher/daemon/server/api/DaemonCommandExecution;)V+35
J 13161 C1 org.gradle.launcher.daemon.server.api.DaemonCommandExecution.proceed()Z (35 bytes) @ 0x0000000002b66f0c [0x0000000002b66b60+0x3ac]
j  org.gradle.launcher.daemon.server.exec.LogToClient.doBuild(Lorg/gradle/launcher/daemon/server/api/DaemonCommandExecution;Lorg/gradle/launcher/daemon/protocol/Build;)V+106
j  org.gradle.launcher.daemon.server.exec.BuildCommandOnly.execute(Lorg/gradle/launcher/daemon/server/api/DaemonCommandExecution;)V+49
J 13161 C1 org.gradle.launcher.daemon.server.api.DaemonCommandExecution.proceed()Z (35 bytes) @ 0x0000000002b66f0c [0x0000000002b66b60+0x3ac]
j  org.gradle.launcher.daemon.server.exec.EstablishBuildEnvironment.doBuild(Lorg/gradle/launcher/daemon/server/api/DaemonCommandExecution;Lorg/gradle/launcher/daemon/protocol/Build;)V+243
j  org.gradle.launcher.daemon.server.exec.BuildCommandOnly.execute(Lorg/gradle/launcher/daemon/server/api/DaemonCommandExecution;)V+49
J 13161 C1 org.gradle.launcher.daemon.server.api.DaemonCommandExecution.proceed()Z (35 bytes) @ 0x0000000002b66f0c [0x0000000002b66b60+0x3ac]
j  org.gradle.launcher.daemon.server.health.HintGCAfterBuild.execute(Lorg/gradle/launcher/daemon/server/api/DaemonCommandExecution;)V+1
J 13161 C1 org.gradle.launcher.daemon.server.api.DaemonCommandExecution.proceed()Z (35 bytes) @ 0x0000000002b66f0c [0x0000000002b66b60+0x3ac]
j  org.gradle.launcher.daemon.server.exec.StartBuildOrRespondWithBusy$1.run()V+44
j  org.gradle.launcher.daemon.server.DaemonStateCoordinator$1.run()V+4
J 14202 C1 org.gradle.internal.concurrent.ExecutorPolicy$CatchAndRecordFailures.onExecute(Ljava/lang/Runnable;)V (45 bytes) @ 0x0000000002c9e154 [0x0000000002c9e040+0x114]
J 15969 C1 org.gradle.internal.concurrent.StoppableExecutorImpl$1.run()V (59 bytes) @ 0x0000000003adb2f4 [0x0000000003adaee0+0x414]
J 16339 C1 java.util.concurrent.ThreadPoolExecutor.runWorker(Ljava/util/concurrent/ThreadPoolExecutor$Worker;)V (225 bytes) @ 0x000000000483e12c [0x000000000483d1a0+0xf8c]
J 16338 C1 java.util.concurrent.ThreadPoolExecutor$Worker.run()V (9 bytes) @ 0x000000000557f8c4 [0x000000000557f7c0+0x104]
J 14188 C1 java.lang.Thread.run()V (17 bytes) @ 0x000000000516ce7c [0x000000000516cd40+0x13c]
v  ~StubRoutines::call_stub

---------------  P R O C E S S  ---------------

Java Threads: ( => current thread )
  0x000000005bb82000 JavaThread "Stdin handler" [_thread_blocked, id=6648, stack(0x00000000597a0000,0x00000000598a0000)]
  0x000000005bb87800 JavaThread "Cancel handler" [_thread_blocked, id=6748, stack(0x0000000059610000,0x0000000059710000)]
  0x000000005bb86800 JavaThread "Handler for socket connection from /127.0.0.1:1295 to /127.0.0.1:15514" [_thread_in_native, id=688, stack(0x0000000059440000,0x0000000059540000)]
=>0x000000005bb86000 JavaThread "Daemon worker Thread 40" [_thread_in_native, id=4568, stack(0x0000000059310000,0x0000000059410000)]
  0x000000005bb83800 JavaThread "Daemon Thread 40" [_thread_blocked, id=5392, stack(0x00000000591f0000,0x00000000592f0000)]
  0x0000000059037000 JavaThread "File lock request listener" [_thread_in_native, id=1100, stack(0x000000005b230000,0x000000005b330000)]
  0x00000000583fb000 JavaThread "Incoming local TCP Connector on port 1295" [_thread_in_native, id=3240, stack(0x0000000057c20000,0x0000000057d20000)]
  0x0000000056617800 JavaThread "Service Thread" daemon [_thread_blocked, id=5168, stack(0x0000000057060000,0x0000000057160000)]
  0x0000000055077000 JavaThread "C1 CompilerThread2" daemon [_thread_blocked, id=4512, stack(0x0000000056f00000,0x0000000057000000)]
  0x000000005659c000 JavaThread "C2 CompilerThread1" daemon [_thread_blocked, id=3224, stack(0x0000000055fd0000,0x00000000560d0000)]
  0x0000000056595000 JavaThread "C2 CompilerThread0" daemon [_thread_blocked, id=6720, stack(0x0000000056d10000,0x0000000056e10000)]
  0x0000000056590800 JavaThread "Attach Listener" daemon [_thread_blocked, id=6068, stack(0x0000000056ba0000,0x0000000056ca0000)]
  0x0000000055075000 JavaThread "Signal Dispatcher" daemon [_thread_blocked, id=5656, stack(0x00000000569b0000,0x0000000056ab0000)]
  0x0000000055018800 JavaThread "Finalizer" daemon [_thread_blocked, id=1284, stack(0x0000000056490000,0x0000000056590000)]
  0x0000000055011800 JavaThread "Reference Handler" daemon [_thread_blocked, id=4196, stack(0x0000000056270000,0x0000000056370000)]
  0x000000000224f800 JavaThread "main" [_thread_blocked, id=3248, stack(0x0000000002340000,0x0000000002440000)]

Other Threads:
  0x000000005500c000 VMThread [stack: 0x00000000560f0000,0x00000000561f0000] [id=2384]
  0x0000000056619000 WatcherThread [stack: 0x0000000056390000,0x0000000056490000] [id=3176]

VM state:not at safepoint (normal execution)

VM Mutex/Monitor currently owned by a thread: None

Heap:
 PSYoungGen      total 315904K, used 98792K [0x00000000eab00000, 0x00000000fea80000, 0x0000000100000000)
  eden space 305664K, 32% used [0x00000000eab00000,0x00000000f0b7a3b8,0x00000000fd580000)
  from space 10240K, 0% used [0x00000000fe080000,0x00000000fe080000,0x00000000fea80000)
  to   space 10752K, 0% used [0x00000000fd580000,0x00000000fd580000,0x00000000fe000000)
 ParOldGen       total 86016K, used 47402K [0x00000000c0000000, 0x00000000c5400000, 0x00000000eab00000)
  object space 86016K, 55% used [0x00000000c0000000,0x00000000c2e4a968,0x00000000c5400000)
 Metaspace       used 62209K, capacity 72392K, committed 72704K, reserved 1110016K
  class space    used 8179K, capacity 11181K, committed 11264K, reserved 1048576K

Card table byte_map: [0x0000000011ad0000,0x0000000011ce0000] byte_map_base: 0x00000000114d0000

Marking Bits: (ParMarkBitMap*) 0x00000000663b4040
 Begin Bits: [0x0000000012480000, 0x0000000013480000)
 End Bits:   [0x0000000013480000, 0x0000000014480000)

Polling page: 0x0000000000430000

CodeCache: size=245760Kb used=54087Kb max_used=54098Kb free=191672Kb
 bounds [0x0000000002710000, 0x0000000005c50000, 0x0000000011710000]
 total_blobs=14694 nmethods=13983 adapters=621
 compilation: enabled

Compilation events (10 events):
Event: 12050.526 Thread 0x000000005659c000 18423       4       org.gradle.api.DefaultTask::<init> (5 bytes)
Event: 12050.529 Thread 0x000000005659c000 nmethod 18423 0x0000000005c17d50 code [0x0000000005c17ec0, 0x0000000005c18068]
Event: 12050.571 Thread 0x0000000055077000 18424       3       org.gradle.api.internal.artifacts.ivyservice.moduleconverter.DefaultConfigurationsToArtifactsConverter::createIvyArtifact (82 bytes)
Event: 12050.572 Thread 0x0000000055077000 nmethod 18424 0x0000000005c3e390 code [0x0000000005c3e5a0, 0x0000000005c3f148]
Event: 12050.572 Thread 0x0000000055077000 18425       3       org.gradle.internal.component.local.model.DefaultLocalComponentMetaData::addArtifact (173 bytes)
Event: 12050.573 Thread 0x0000000055077000 nmethod 18425 0x0000000005c3f650 code [0x0000000005c3f8e0, 0x0000000005c40988]
Event: 12052.067 Thread 0x0000000055077000 18426   !   3       com.android.builder.core.AndroidBuilder$isPreviewTarget$0::call (32 bytes)
Event: 12052.067 Thread 0x000000005659c000 18427       4       org.codehaus.groovy.runtime.MetaClassHelper::sameClasses (34 bytes)
Event: 12052.067 Thread 0x0000000055077000 nmethod 18426 0x0000000005c18ad0 code [0x0000000005c18ce0, 0x0000000005c196d8]
Event: 12052.069 Thread 0x000000005659c000 nmethod 18427 0x0000000005c3df10 code [0x0000000005c3e060, 0x0000000005c3e1f8]

GC Heap History (10 events):
Event: 11481.956 GC heap before
{Heap before GC invocations=101 (full 39):
 PSYoungGen      total 316928K, used 1615K [0x00000000eab00000, 0x00000000fec80000, 0x0000000100000000)
  eden space 305664K, 0% used [0x00000000eab00000,0x00000000eab00000,0x00000000fd580000)
  from space 11264K, 14% used [0x00000000fe180000,0x00000000fe313c60,0x00000000fec80000)
  to   space 11776K, 0% used [0x00000000fd580000,0x00000000fd580000,0x00000000fe100000)
 ParOldGen       total 86016K, used 48153K [0x00000000c0000000, 0x00000000c5400000, 0x00000000eab00000)
  object space 86016K, 55% used [0x00000000c0000000,0x00000000c2f067d8,0x00000000c5400000)
 Metaspace       used 61919K, capacity 71556K, committed 71680K, reserved 1110016K
  class space    used 8107K, capacity 10897K, committed 11008K, reserved 1048576K
Event: 11482.165 GC heap after
Heap after GC invocations=101 (full 39):
 PSYoungGen      total 316928K, used 0K [0x00000000eab00000, 0x00000000fec80000, 0x0000000100000000)
  eden space 305664K, 0% used [0x00000000eab00000,0x00000000eab00000,0x00000000fd580000)
  from space 11264K, 0% used [0x00000000fe180000,0x00000000fe180000,0x00000000fec80000)
  to   space 11776K, 0% used [0x00000000fd580000,0x00000000fd580000,0x00000000fe100000)
 ParOldGen       total 86016K, used 47197K [0x00000000c0000000, 0x00000000c5400000, 0x00000000eab00000)
  object space 86016K, 54% used [0x00000000c0000000,0x00000000c2e174d8,0x00000000c5400000)
 Metaspace       used 61919K, capacity 71556K, committed 71680K, reserved 1110016K
  class space    used 8107K, capacity 10897K, committed 11008K, reserved 1048576K
}
Event: 11642.548 GC heap before
{Heap before GC invocations=102 (full 39):
 PSYoungGen      total 316928K, used 305261K [0x00000000eab00000, 0x00000000fec80000, 0x0000000100000000)
  eden space 305664K, 99% used [0x00000000eab00000,0x00000000fd51b4e8,0x00000000fd580000)
  from space 11264K, 0% used [0x00000000fe180000,0x00000000fe180000,0x00000000fec80000)
  to   space 11776K, 0% used [0x00000000fd580000,0x00000000fd580000,0x00000000fe100000)
 ParOldGen       total 86016K, used 47197K [0x00000000c0000000, 0x00000000c5400000, 0x00000000eab00000)
  object space 86016K, 54% used [0x00000000c0000000,0x00000000c2e174d8,0x00000000c5400000)
 Metaspace       used 62057K, capacity 71898K, committed 72064K, reserved 1110016K
  class space    used 8131K, capacity 10999K, committed 11136K, reserved 1048576K
Event: 11642.555 GC heap after
Heap after GC invocations=102 (full 39):
 PSYoungGen      total 308736K, used 3072K [0x00000000eab00000, 0x00000000feb80000, 0x0000000100000000)
  eden space 305664K, 0% used [0x00000000eab00000,0x00000000eab00000,0x00000000fd580000)
  from space 3072K, 100% used [0x00000000fd580000,0x00000000fd880000,0x00000000fd880000)
  to   space 11264K, 0% used [0x00000000fe080000,0x00000000fe080000,0x00000000feb80000)
 ParOldGen       total 86016K, used 47205K [0x00000000c0000000, 0x00000000c5400000, 0x00000000eab00000)
  object space 86016K, 54% used [0x00000000c0000000,0x00000000c2e194d8,0x00000000c5400000)
 Metaspace       used 62057K, capacity 71898K, committed 72064K, reserved 1110016K
  class space    used 8131K, capacity 10999K, committed 11136K, reserved 1048576K
}
Event: 11642.555 GC heap before
{Heap before GC invocations=103 (full 40):
 PSYoungGen      total 308736K, used 3072K [0x00000000eab00000, 0x00000000feb80000, 0x0000000100000000)
  eden space 305664K, 0% used [0x00000000eab00000,0x00000000eab00000,0x00000000fd580000)
  from space 3072K, 100% used [0x00000000fd580000,0x00000000fd880000,0x00000000fd880000)
  to   space 11264K, 0% used [0x00000000fe080000,0x00000000fe080000,0x00000000feb80000)
 ParOldGen       total 86016K, used 47205K [0x00000000c0000000, 0x00000000c5400000, 0x00000000eab00000)
  object space 86016K, 54% used [0x00000000c0000000,0x00000000c2e194d8,0x00000000c5400000)
 Metaspace       used 62057K, capacity 71898K, committed 72064K, reserved 1110016K
  class space    used 8131K, capacity 10999K, committed 11136K, reserved 1048576K
Event: 11642.755 GC heap after
Heap after GC invocations=103 (full 40):
 PSYoungGen      total 308736K, used 0K [0x00000000eab00000, 0x00000000feb80000, 0x0000000100000000)
  eden space 305664K, 0% used [0x00000000eab00000,0x00000000eab00000,0x00000000fd580000)
  from space 3072K, 0% used [0x00000000fd580000,0x00000000fd580000,0x00000000fd880000)
  to   space 11264K, 0% used [0x00000000fe080000,0x00000000fe080000,0x00000000feb80000)
 ParOldGen       total 86016K, used 48661K [0x00000000c0000000, 0x00000000c5400000, 0x00000000eab00000)
  object space 86016K, 56% used [0x00000000c0000000,0x00000000c2f855c8,0x00000000c5400000)
 Metaspace       used 62057K, capacity 71898K, committed 72064K, reserved 1110016K
  class space    used 8131K, capacity 10999K, committed 11136K, reserved 1048576K
}
Event: 12032.429 GC heap before
{Heap before GC invocations=104 (full 40):
 PSYoungGen      total 308736K, used 142289K [0x00000000eab00000, 0x00000000feb80000, 0x0000000100000000)
  eden space 305664K, 46% used [0x00000000eab00000,0x00000000f35f47a0,0x00000000fd580000)
  from space 3072K, 0% used [0x00000000fd580000,0x00000000fd580000,0x00000000fd880000)
  to   space 11264K, 0% used [0x00000000fe080000,0x00000000fe080000,0x00000000feb80000)
 ParOldGen       total 86016K, used 48661K [0x00000000c0000000, 0x00000000c5400000, 0x00000000eab00000)
  object space 86016K, 56% used [0x00000000c0000000,0x00000000c2f855c8,0x00000000c5400000)
 Metaspace       used 62165K, capacity 72214K, committed 72448K, reserved 1110016K
  class space    used 8171K, capacity 11147K, committed 11264K, reserved 1048576K
Event: 12032.434 GC heap after
Heap after GC invocations=104 (full 40):
 PSYoungGen      total 315904K, used 1744K [0x00000000eab00000, 0x00000000fea80000, 0x0000000100000000)
  eden space 305664K, 0% used [0x00000000eab00000,0x00000000eab00000,0x00000000fd580000)
  from space 10240K, 17% used [0x00000000fe080000,0x00000000fe234010,0x00000000fea80000)
  to   space 10752K, 0% used [0x00000000fd580000,0x00000000fd580000,0x00000000fe000000)
 ParOldGen       total 86016K, used 48669K [0x00000000c0000000, 0x00000000c5400000, 0x00000000eab00000)
  object space 86016K, 56% used [0x00000000c0000000,0x00000000c2f875c8,0x00000000c5400000)
 Metaspace       used 62165K, capacity 72214K, committed 72448K, reserved 1110016K
  class space    used 8171K, capacity 11147K, committed 11264K, reserved 1048576K
}
Event: 12032.434 GC heap before
{Heap before GC invocations=105 (full 41):
 PSYoungGen      total 315904K, used 1744K [0x00000000eab00000, 0x00000000fea80000, 0x0000000100000000)
  eden space 305664K, 0% used [0x00000000eab00000,0x00000000eab00000,0x00000000fd580000)
  from space 10240K, 17% used [0x00000000fe080000,0x00000000fe234010,0x00000000fea80000)
  to   space 10752K, 0% used [0x00000000fd580000,0x00000000fd580000,0x00000000fe000000)
 ParOldGen       total 86016K, used 48669K [0x00000000c0000000, 0x00000000c5400000, 0x00000000eab00000)
  object space 86016K, 56% used [0x00000000c0000000,0x00000000c2f875c8,0x00000000c5400000)
 Metaspace       used 62165K, capacity 72214K, committed 72448K, reserved 1110016K
  class space    used 8171K, capacity 11147K, committed 11264K, reserved 1048576K
Event: 12032.786 GC heap after
Heap after GC invocations=105 (full 41):
 PSYoungGen      total 315904K, used 0K [0x00000000eab00000, 0x00000000fea80000, 0x0000000100000000)
  eden space 305664K, 0% used [0x00000000eab00000,0x00000000eab00000,0x00000000fd580000)
  from space 10240K, 0% used [0x00000000fe080000,0x00000000fe080000,0x00000000fea80000)
  to   space 10752K, 0% used [0x00000000fd580000,0x00000000fd580000,0x00000000fe000000)
 ParOldGen       total 86016K, used 47402K [0x00000000c0000000, 0x00000000c5400000, 0x00000000eab00000)
  object space 86016K, 55% used [0x00000000c0000000,0x00000000c2e4a968,0x00000000c5400000)
 Metaspace       used 62165K, capacity 72214K, committed 72448K, reserved 1110016K
  class space    used 8171K, capacity 11147K, committed 11264K, reserved 1048576K
}

Deoptimization events (10 events):
Event: 8530.097 Thread 0x000000005bb87800 Uncommon trap: reason=class_check action=maybe_recompile pc=0x00000000058408ec method=groovy.lang.MetaClassImpl.createPogoCallSite(Lorg/codehaus/groovy/runtime/callsite/CallSite;[Ljava/lang/Object;)Lorg/codehaus/groovy/runtime/callsite/CallSite; @ 22
Event: 8530.097 Thread 0x000000005bb87800 Uncommon trap: reason=class_check action=maybe_recompile pc=0x00000000058408ec method=groovy.lang.MetaClassImpl.createPogoCallSite(Lorg/codehaus/groovy/runtime/callsite/CallSite;[Ljava/lang/Object;)Lorg/codehaus/groovy/runtime/callsite/CallSite; @ 22
Event: 9665.209 Thread 0x000000005bb86000 Uncommon trap: reason=class_check action=maybe_recompile pc=0x000000000395457c method=org.gradle.api.internal.tasks.DefaultTaskContainer.create(Ljava/lang/String;Ljava/lang/Class;)Lorg/gradle/api/Task; @ 33
Event: 9665.215 Thread 0x000000005bb86000 Uncommon trap: reason=class_check action=maybe_recompile pc=0x000000000395457c method=org.gradle.api.internal.tasks.DefaultTaskContainer.create(Ljava/lang/String;Ljava/lang/Class;)Lorg/gradle/api/Task; @ 33
Event: 9665.219 Thread 0x000000005bb86000 Uncommon trap: reason=class_check action=maybe_recompile pc=0x000000000395457c method=org.gradle.api.internal.tasks.DefaultTaskContainer.create(Ljava/lang/String;Ljava/lang/Class;)Lorg/gradle/api/Task; @ 33
Event: 9665.222 Thread 0x000000005bb86000 Uncommon trap: reason=class_check action=maybe_recompile pc=0x000000000395457c method=org.gradle.api.internal.tasks.DefaultTaskContainer.create(Ljava/lang/String;Ljava/lang/Class;)Lorg/gradle/api/Task; @ 33
Event: 9863.391 Thread 0x000000005bb86000 Uncommon trap: reason=null_check action=make_not_entrant pc=0x0000000005a288d8 method=org.apache.tools.ant.PropertyHelper.add(Lorg/apache/tools/ant/PropertyHelper$Delegate;)V @ 46
Event: 9914.741 Thread 0x000000005bb86000 Uncommon trap: reason=null_check action=make_not_entrant pc=0x0000000004239a38 method=com.sun.org.apache.xerces.internal.parsers.AbstractDOMParser.xmlDecl(Ljava/lang/String;Ljava/lang/String;Ljava/lang/String;Lcom/sun/org/apache/xerces/internal/xni/Augment`ýViÇ@
Event: 12030.823 Thread 0x000000005bb86000 Uncommon trap: reason=null_check action=make_not_entrant pc=0x000000000580fadc method=org.codehaus.groovy.reflection.CachedClass.<init>(Ljava/lang/Class;Lorg/codehaus/groovy/reflection/ClassInfo;)V @ 157
Event: 12049.636 Thread 0x000000005bb86000 Uncommon trap: reason=null_check action=make_not_entrant pc=0x0000000005c234b0 method=org.gradle.api.internal.artifacts.ivyservice.ivyresolve.parser.GradlePomModuleDescriptorParser.isDependencyImportScoped(Lorg/gradle/api/internal/artifacts/ivyservice/ivyrB*r©À@

Internal exceptions (10 events):
Event: 11517.688 Thread 0x000000005bb86800 Exception <a 'java/lang/ClassNotFoundException': asLocalRepo71_c9a0a1h31f4f8zza1wsfyv3xlCustomizer> (0x00000000eb1a3388) thrown at [C:\re\workspace\8-2-build-windows-amd64-cygwin\jdk8u51\3951\hotspot\src\share\vm\classfile\systemDictionary.cpp, line 210]
Event: 11578.526 Thread 0x000000005bb86800 Exception <a 'java/lang/ClassNotFoundException': asLocalRepo72_2f1cszubatsn3tnryeqwcie7zBeanInfo> (0x00000000f13ea7d8) thrown at [C:\re\workspace\8-2-build-windows-amd64-cygwin\jdk8u51\3951\hotspot\src\share\vm\classfile\systemDictionary.cpp, line 210]
Event: 11578.527 Thread 0x000000005bb86800 Exception <a 'java/lang/ClassNotFoundException': asLocalRepo72_2f1cszubatsn3tnryeqwcie7zCustomizer> (0x00000000f13f34f8) thrown at [C:\re\workspace\8-2-build-windows-amd64-cygwin\jdk8u51\3951\hotspot\src\share\vm\classfile\systemDictionary.cpp, line 210]
Event: 11639.595 Thread 0x000000005bb86800 Exception <a 'java/lang/ClassNotFoundException': asLocalRepo73_5kzbmlwqqdz4zcf62w35tpzesBeanInfo> (0x00000000f756b980) thrown at [C:\re\workspace\8-2-build-windows-amd64-cygwin\jdk8u51\3951\hotspot\src\share\vm\classfile\systemDictionary.cpp, line 210]
Event: 11639.595 Thread 0x000000005bb86800 Exception <a 'java/lang/ClassNotFoundException': asLocalRepo73_5kzbmlwqqdz4zcf62w35tpzesCustomizer> (0x00000000f75746a0) thrown at [C:\re\workspace\8-2-build-windows-amd64-cygwin\jdk8u51\3951\hotspot\src\share\vm\classfile\systemDictionary.cpp, line 210]
Event: 12027.575 Thread 0x000000005bb86000 Exception <a 'java/lang/ClassNotFoundException': asLocalRepo74_dsq100fo9xzm9xqnimwnr2f4yBeanInfo> (0x00000000eb43b280) thrown at [C:\re\workspace\8-2-build-windows-amd64-cygwin\jdk8u51\3951\hotspot\src\share\vm\classfile\systemDictionary.cpp, line 210]
Event: 12027.576 Thread 0x000000005bb86000 Exception <a 'java/lang/ClassNotFoundException': asLocalRepo74_dsq100fo9xzm9xqnimwnr2f4yCustomizer> (0x00000000eb443fa0) thrown at [C:\re\workspace\8-2-build-windows-amd64-cygwin\jdk8u51\3951\hotspot\src\share\vm\classfile\systemDictionary.cpp, line 210]
Event: 12030.772 Thread 0x000000005bb86000 Exception <a 'java/lang/ClassNotFoundException': groovy/runtime/metaclass/[Ljava/io/File;MetaClass> (0x00000000f1e8d860) thrown at [C:\re\workspace\8-2-build-windows-amd64-cygwin\jdk8u51\3951\hotspot\src\share\vm\prims\jni.cpp, line 735]
Event: 12049.509 Thread 0x000000005bb86000 Exception <a 'java/lang/ClassNotFoundException': asLocalRepo75_ae1vksob4cmzccfbb6q54ajhBeanInfo> (0x00000000eb0daf50) thrown at [C:\re\workspace\8-2-build-windows-amd64-cygwin\jdk8u51\3951\hotspot\src\share\vm\classfile\systemDictionary.cpp, line 210]
Event: 12049.509 Thread 0x000000005bb86000 Exception <a 'java/lang/ClassNotFoundException': asLocalRepo75_ae1vksob4cmzccfbb6q54ajhCustomizer> (0x00000000eb0e3c20) thrown at [C:\re\workspace\8-2-build-windows-amd64-cygwin\jdk8u51\3951\hotspot\src\share\vm\classfile\systemDictionary.cpp, line 210]

Events (10 events):
Event: 12049.586 loading class asLocalRepo75_ae1vksob4cmzccfbb6q54ajh$_run_closure1_closure2_closure3 done
Event: 12049.588 loading class groovy/runtime/metaclass/asLocalRepo75_ae1vksob4cmzccfbb6q54ajh$_run_closure1_closure2_closure3MetaClass
Event: 12049.588 loading class groovy/runtime/metaclass/asLocalRepo75_ae1vksob4cmzccfbb6q54ajh$_run_closure1_closure2_closure3MetaClass done
Event: 12049.588 loading class asLocalRepo75_ae1vksob4cmzccfbb6q54ajh$_run_closure1_closure2_closure3_closure4
Event: 12049.588 loading class asLocalRepo75_ae1vksob4cmzccfbb6q54ajh$_run_closure1_closure2_closure3_closure4 done
Event: 12049.589 loading class groovy/runtime/metaclass/asLocalRepo75_ae1vksob4cmzccfbb6q54ajh$_run_closure1_closure2_closure3_closure4MetaClass
Event: 12049.589 loading class groovy/runtime/metaclass/asLocalRepo75_ae1vksob4cmzccfbb6q54ajh$_run_closure1_closure2_closure3_closure4MetaClass done
Event: 12049.636 Thread 0x000000005bb86000 Uncommon trap: trap_request=0xfffffff4 fr.pc=0x0000000005c234b0
Event: 12049.636 Thread 0x000000005bb86000 DEOPT PACKING pc=0x0000000005c234b0 sp=0x000000005940bb30
Event: 12049.636 Thread 0x000000005bb86000 DEOPT UNPACKING pc=0x000000000275582a sp=0x000000005940b9e8 mode 2


Dynamic libraries:
0x000000013f2a0000 - 0x000000013f2d7000 	C:\Program Files\Java\jdk1.8.0_51\bin\java.exe
0x0000000077710000 - 0x00000000778b9000 	C:\Windows\SYSTEM32\ntdll.dll
0x00000000774f0000 - 0x000000007760f000 	C:\Windows\system32\kernel32.dll
0x000007fefd660000 - 0x000007fefd6cb000 	C:\Windows\system32\KERNELBASE.dll
0x000007fefeae0000 - 0x000007fefebbb000 	C:\Windows\system32\ADVAPI32.dll
0x000007fefdbf0000 - 0x000007fefdc8f000 	C:\Windows\system32\msvcrt.dll
0x000007feff9d0000 - 0x000007feff9ef000 	C:\Windows\SYSTEM32\sechost.dll
0x000007fefe780000 - 0x000007fefe8ad000 	C:\Windows\system32\RPCRT4.dll
0x0000000077610000 - 0x000000007770a000 	C:\Windows\system32\USER32.dll
0x000007fefde70000 - 0x000007fefded7000 	C:\Windows\system32\GDI32.dll
0x000007fefe590000 - 0x000007fefe59e000 	C:\Windows\system32\LPK.dll
0x000007fefe5a0000 - 0x000007fefe669000 	C:\Windows\system32\USP10.dll
0x000007fefb220000 - 0x000007fefb414000 	C:\Windows\WinSxS\amd64_microsoft.windows.common-controls_6595b64144ccf1df_6.0.7601.17514_none_fa396087175ac9ac\COMCTL32.dll
0x000007fefdae0000 - 0x000007fefdb51000 	C:\Windows\system32\SHLWAPI.dll
0x000007feff9f0000 - 0x000007feffa1e000 	C:\Windows\system32\IMM32.DLL
0x000007fefe670000 - 0x000007fefe779000 	C:\Windows\system32\MSCTF.dll
0x0000000058010000 - 0x00000000580e2000 	C:\Program Files\Java\jdk1.8.0_51\jre\bin\msvcr100.dll
0x0000000065bb0000 - 0x0000000066433000 	C:\Program Files\Java\jdk1.8.0_51\jre\bin\server\jvm.dll
0x000007fef2ed0000 - 0x000007fef2ed9000 	C:\Windows\system32\WSOCK32.dll
0x000007fefd880000 - 0x000007fefd8cd000 	C:\Windows\system32\WS2_32.dll
0x000007fefdbc0000 - 0x000007fefdbc8000 	C:\Windows\system32\NSI.dll
0x000007fef4c90000 - 0x000007fef4ccb000 	C:\Windows\system32\WINMM.dll
0x000007fefc4c0000 - 0x000007fefc4cc000 	C:\Windows\system32\VERSION.dll
0x00000000778d0000 - 0x00000000778d7000 	C:\Windows\system32\PSAPI.DLL
0x0000000067d00000 - 0x0000000067d0f000 	C:\Program Files\Java\jdk1.8.0_51\jre\bin\verify.dll
0x0000000066f60000 - 0x0000000066f89000 	C:\Program Files\Java\jdk1.8.0_51\jre\bin\java.dll
0x0000000067c10000 - 0x0000000067c26000 	C:\Program Files\Java\jdk1.8.0_51\jre\bin\zip.dll
0x000007fefec40000 - 0x000007feff9c8000 	C:\Windows\system32\SHELL32.dll
0x000007fefd8d0000 - 0x000007fefdad3000 	C:\Windows\system32\ole32.dll
0x000007fefd4c0000 - 0x000007fefd4cf000 	C:\Windows\system32\profapi.dll
0x0000000067bf0000 - 0x0000000067c0a000 	C:\Program Files\Java\jdk1.8.0_51\jre\bin\net.dll
0x000007fefcc60000 - 0x000007fefccb5000 	C:\Windows\system32\mswsock.dll
0x000007fefcc50000 - 0x000007fefcc57000 	C:\Windows\System32\wship6.dll
0x0000000066ec0000 - 0x0000000066ed1000 	C:\Program Files\Java\jdk1.8.0_51\jre\bin\nio.dll
0x000007fef5d50000 - 0x000007fef5d62000 	C:\Users\Administrator\.gradle\native\19\windows-amd64\native-platform.dll
0x000007fefbda0000 - 0x000007fefbdc7000 	C:\Windows\system32\IPHLPAPI.DLL
0x000007fefbd00000 - 0x000007fefbd0b000 	C:\Windows\system32\WINNSI.DLL
0x000007fefa1e0000 - 0x000007fefa1f8000 	C:\Windows\system32\dhcpcsvc.DLL
0x000007fefa190000 - 0x000007fefa1a1000 	C:\Windows\system32\dhcpcsvc6.DLL
0x000007fefccc0000 - 0x000007fefccd7000 	C:\Windows\system32\CRYPTSP.dll
0x000007fefc9c0000 - 0x000007fefca07000 	C:\Windows\system32\rsaenh.dll
0x000007fefd7f0000 - 0x000007fefd80e000 	C:\Windows\system32\USERENV.dll
0x000007fefd320000 - 0x000007fefd32f000 	C:\Windows\system32\CRYPTBASE.dll
0x000007fefd2c0000 - 0x000007fefd317000 	C:\Windows\system32\apphelp.dll
0x00000000605f0000 - 0x00000000605fd000 	C:\Program Files\Java\jdk1.8.0_51\jre\bin\management.dll
0x000007fefaa90000 - 0x000007fefabb5000 	C:\Windows\system32\dbghelp.dll

VM Arguments:
jvm_args: -XX:MaxPermSize=256m -XX:+HeapDumpOnOutOfMemoryError -Xmx1024m -Dfile.encoding=windows-1252 -Duser.country=US -Duser.language=en -Duser.variant 
java_command: org.gradle.launcher.daemon.bootstrap.GradleDaemon 2.4 C:\Users\Administrator\.gradle C:\Users\Administrator\.gradle\daemon 10800000 6bd16704-c359-44b3-8126-ae38c9cf68a4 -XX:MaxPermSize=256m -XX:+HeapDumpOnOutOfMemoryError -Xmx1024m -Dfile.encoding=windows-1252 -Duser.country=US -Duser.language=en -Duser.variant
java_class_path (initial): C:\Users\Administrator\.gradle\wrapper\dists\gradle-2.4-all\6r4uqcc6ovnq6ac6s0txzcpc0\gradle-2.4\lib\gradle-launcher-2.4.jar
Launcher Type: SUN_STANDARD

Environment Variables:
PATH=C:\ProgramData\Oracle\Java\javapath;C:\Windows\system32;C:\Windows;C:\Windows\System32\Wbem;C:\Windows\System32\WindowsPowerShell\v1.0\;C:\Program Files (x86)\Windows Kits\8.1\Windows Performance Toolkit\;C:\Program Files\Microsoft SQL Server\110\Tools\Binn\;C:\Program Files (x86)\Microsoft SQL Server\100\Tools\Binn\;C:\Program Files\Microsoft SQL Server\100\Tools\Binn\;C:\Program Files\Microsoft SQL Server\100\DTS\Binn\;C:\Program Files (x86)\Microsoft SQL Server\100\Tools\Binn\VSShell\Common7\IDE\;C:\Program Files (x86)\Microsoft SQL Server\100\DTS\Binn\;C:\Program Files (x86)\Microsoft Visual Studio 9.0\Common7\IDE\PrivateAssemblies\;C:\Program Files\Microsoft SQL Server\110\DTS\Binn\;C:\Program Files (x86)\Microsoft SQL Server\110\Tools\Binn\;C:\Program Files (x86)\Microsoft SQL Server\110\Tools\Binn\ManagementStudio\;C:\Program Files (x86)\Microsoft Visual Studio 10.0\Common7\IDE\PrivateAssemblies\;C:\Program Files (x86)\Microsoft SQL Server\110\DTS\Binn\;C:\Program Files (x86)\Skype\Phone\
USERNAME=Administrator
OS=Windows_NT
PROCESSOR_IDENTIFIER=Intel64 Family 6 Model 61 Stepping 4, GenuineIntel



---------------  S Y S T E M  ---------------

OS: Windows 7 , 64 bit Build 7601 (6.1.7601.18015)

CPU:total 4 (2 cores per cpu, 2 threads per core) family 6 model 61 stepping 4, cmov, cx8, fxsr, mmx, sse, sse2, sse3, ssse3, sse4.1, sse4.2, popcnt, avx, avx2, aes, clmul, erms, 3dnowpref, lzcnt, ht, tsc, tscinvbit, bmi1, bmi2, adx

Memory: 4k page, physical 8286312k(1735168k free), swap 16570760k(8350820k free)

vm_info: Java HotSpot(TM) 64-Bit Server VM (25.51-b03) for windows-amd64 JRE (1.8.0_51-b16), built on Jun  8 2015 18:03:07 by "java_re" with MS VC++ 10.0 (VS2010)

time: Fri Mar 18 16:45:08 2016
elapsed time: 12052 seconds (0d 3h 20m 52s)

